SPEC CPU(r) 2017 Benchmark Suites
Copyright 1995-2019 Standard Performance Evaluation Corporation (SPEC)

runcpu v6612
Using 'linux-x86_64' tools
Reading file manifests... read 32351 entries from 2 files in 0.29s (110189 files/s)
Loading runcpu modules.................
Locating benchmarks...found 47 benchmarks in 73 benchsets.
Reading config file '/usr/cpu2017/config/my_test.cfg'
1 configuration selected:

 Action    Run Mode   Workload     Report Type     Benchmarks
--------   --------   --------   ---------------   ----------------------------
validate   rate       test       SPECrate2017_fp   549.fotonik3d_r             
-------------------------------------------------------------------------------

Setting up environment for running 549.fotonik3d_r...
Starting runcpu for 549.fotonik3d_r...
Running "specperl /usr/cpu2017/bin/sysinfo" to gather system information.
sysinfo: r6732 of 2022-11-07 (fe91c89b7ed5c36ae2c92cc097bec197)
sysinfo: ...getting basic information about kernel, users, and limits
sysinfo: Getting system information for Linux...
sysinfo: ...getting CPU info
sysinfo: ...getting info from numactl
sysinfo: ...getting memory info
sysinfo: ...getting info from systemd
sysinfo: ...getting power info
sysinfo: ...getting system tuning info
sysinfo: ...getting OS info
sysinfo: ...getting disk info
sysinfo: ...getting info from /sys/devices/virtual/dmi/id
sysinfo: ...getting info from dmidecode
Retrieving flags file (/usr/cpu2017/config/flags/gcc.xml)...
Benchmarks selected: 549.fotonik3d_r
%% You have selected --fake: commands will be echoed but not actually
%% executed.  (You can search for "%%" to find the beginning and end
%% of each command section.)

Compiling Binaries
  Building 549.fotonik3d_r base mytest-m64: (build_base_mytest-m64.0000) [2025-05-03 17:44:09]
specmake -n --output-sync --jobs=8 clean
%% Fake commands from make.clean (specmake -n --output-sync --jobs=8 clean):
rm -rf *.o  pscyee.out
find . \( -name \*.o -o -name '*.fppized.f*' -o -name '*.i' -o -name '*.mod' \) -print | xargs rm -rf
rm -rf fotonik3d_r
rm -rf fotonik3d_r.exe
rm -rf core
%% End of fake output from make.clean (specmake -n --output-sync --jobs=8 clean)

specmake -n --output-sync --jobs=8 build
%% Fake commands from make (specmake -n --output-sync --jobs=8 build):
/opt/rh/devtoolset-9/root/usr/bin/gfortran           -m64 -c -o parameter.o -I. -g -O3 -march=native parameter.f90
/usr/cpu2017/bin/specperl /usr/cpu2017/bin/harness/specpp -DSPEC -DNDEBUG -DSPEC_AUTO_SUPPRESS_OPENMP -DSPEC_LP64 globalvar.F90 -o globalvar.fppized.f90
/opt/rh/devtoolset-9/root/usr/bin/gfortran           -m64 -c -o globalvar.fppized.o -I. -g -O3 -march=native globalvar.fppized.f90
/opt/rh/devtoolset-9/root/usr/bin/gfortran           -m64 -c -o readline.o -I. -g -O3 -march=native readline.f90
/usr/cpu2017/bin/specperl /usr/cpu2017/bin/harness/specpp -DSPEC -DNDEBUG -DSPEC_AUTO_SUPPRESS_OPENMP -DSPEC_LP64 power.F90 -o power.fppized.f90
/opt/rh/devtoolset-9/root/usr/bin/gfortran           -m64 -c -o power.fppized.o -I. -g -O3 -march=native power.fppized.f90
/usr/cpu2017/bin/specperl /usr/cpu2017/bin/harness/specpp -DSPEC -DNDEBUG -DSPEC_AUTO_SUPPRESS_OPENMP -DSPEC_LP64 calcflops.F90 -o calcflops.fppized.f90
/usr/cpu2017/bin/specperl /usr/cpu2017/bin/harness/specpp -DSPEC -DNDEBUG -DSPEC_AUTO_SUPPRESS_OPENMP -DSPEC_LP64 PlaneSource.F90 -o PlaneSource.fppized.f90
/opt/rh/devtoolset-9/root/usr/bin/gfortran           -m64 -c -o PlaneSource.fppized.o -I. -g -O3 -march=native PlaneSource.fppized.f90
/opt/rh/devtoolset-9/root/usr/bin/gfortran           -m64 -c -o calcflops.fppized.o -I. -g -O3 -march=native calcflops.fppized.f90
/usr/cpu2017/bin/specperl /usr/cpu2017/bin/harness/specpp -DSPEC -DNDEBUG -DSPEC_AUTO_SUPPRESS_OPENMP -DSPEC_LP64 communicate.F90 -o communicate.fppized.f90
/opt/rh/devtoolset-9/root/usr/bin/gfortran           -m64 -c -o communicate.fppized.o -I. -g -O3 -march=native communicate.fppized.f90
/usr/cpu2017/bin/specperl /usr/cpu2017/bin/harness/specpp -DSPEC -DNDEBUG -DSPEC_AUTO_SUPPRESS_OPENMP -DSPEC_LP64 huygens.F90 -o huygens.fppized.f90
/opt/rh/devtoolset-9/root/usr/bin/gfortran           -m64 -c -o huygens.fppized.o -I. -g -O3 -march=native huygens.fppized.f90
/usr/cpu2017/bin/specperl /usr/cpu2017/bin/harness/specpp -DSPEC -DNDEBUG -DSPEC_AUTO_SUPPRESS_OPENMP -DSPEC_LP64 update.F90 -o update.fppized.f90
/opt/rh/devtoolset-9/root/usr/bin/gfortran           -m64 -c -o update.fppized.o -I. -g -O3 -march=native update.fppized.f90
/usr/cpu2017/bin/specperl /usr/cpu2017/bin/harness/specpp -DSPEC -DNDEBUG -DSPEC_AUTO_SUPPRESS_OPENMP -DSPEC_LP64 material.F90 -o material.fppized.f90
/opt/rh/devtoolset-9/root/usr/bin/gfortran           -m64 -c -o material.fppized.o -I. -g -O3 -march=native material.fppized.f90
/usr/cpu2017/bin/specperl /usr/cpu2017/bin/harness/specpp -DSPEC -DNDEBUG -DSPEC_AUTO_SUPPRESS_OPENMP -DSPEC_LP64 mur.F90 -o mur.fppized.f90
/opt/rh/devtoolset-9/root/usr/bin/gfortran           -m64 -c -o mur.fppized.o -I. -g -O3 -march=native mur.fppized.f90
/usr/cpu2017/bin/specperl /usr/cpu2017/bin/harness/specpp -DSPEC -DNDEBUG -DSPEC_AUTO_SUPPRESS_OPENMP -DSPEC_LP64 PEC.F90 -o PEC.fppized.f90
/opt/rh/devtoolset-9/root/usr/bin/gfortran           -m64 -c -o PEC.fppized.o -I. -g -O3 -march=native PEC.fppized.f90
/usr/cpu2017/bin/specperl /usr/cpu2017/bin/harness/specpp -DSPEC -DNDEBUG -DSPEC_AUTO_SUPPRESS_OPENMP -DSPEC_LP64 init.F90 -o init.fppized.f90
/usr/cpu2017/bin/specperl /usr/cpu2017/bin/harness/specpp -DSPEC -DNDEBUG -DSPEC_AUTO_SUPPRESS_OPENMP -DSPEC_LP64 UPML.F90 -o UPML.fppized.f90
/opt/rh/devtoolset-9/root/usr/bin/gfortran           -m64 -c -o UPML.fppized.o -I. -g -O3 -march=native UPML.fppized.f90
/opt/rh/devtoolset-9/root/usr/bin/gfortran           -m64 -c -o init.fppized.o -I. -g -O3 -march=native init.fppized.f90
/usr/cpu2017/bin/specperl /usr/cpu2017/bin/harness/specpp -DSPEC -DNDEBUG -DSPEC_AUTO_SUPPRESS_OPENMP -DSPEC_LP64 leapfrog.F90 -o leapfrog.fppized.f90
/opt/rh/devtoolset-9/root/usr/bin/gfortran           -m64 -c -o leapfrog.fppized.o -I. -g -O3 -march=native leapfrog.fppized.f90
/opt/rh/devtoolset-9/root/usr/bin/gfortran           -m64 -c -o timerRoutine.o -I. -g -O3 -march=native timerRoutine.f90
/usr/cpu2017/bin/specperl /usr/cpu2017/bin/harness/specpp -DSPEC -DNDEBUG -DSPEC_AUTO_SUPPRESS_OPENMP -DSPEC_LP64 yeemain.F90 -o yeemain.fppized.f90
/opt/rh/devtoolset-9/root/usr/bin/gfortran           -m64 -c -o yeemain.fppized.o -I. -g -O3 -march=native yeemain.fppized.f90
/usr/cpu2017/bin/specperl /usr/cpu2017/bin/harness/specpp -DSPEC -DNDEBUG -DSPEC_AUTO_SUPPRESS_OPENMP -DSPEC_LP64 writeout.F90 -o writeout.fppized.f90
/opt/rh/devtoolset-9/root/usr/bin/gfortran           -m64 -c -o writeout.fppized.o -I. -g -O3 -march=native writeout.fppized.f90
/usr/cpu2017/bin/specperl /usr/cpu2017/bin/harness/specpp -DSPEC -DNDEBUG -DSPEC_AUTO_SUPPRESS_OPENMP -DSPEC_LP64 MPI_dummy.F90 -o MPI_dummy.fppized.f90
/opt/rh/devtoolset-9/root/usr/bin/gfortran           -m64 -c -o MPI_dummy.fppized.o -I. -g -O3 -march=native MPI_dummy.fppized.f90
/opt/rh/devtoolset-9/root/usr/bin/gfortran           -m64      -g -O3 -march=native          parameter.o globalvar.fppized.o readline.o power.fppized.o calcflops.fppized.o communicate.fppized.o huygens.fppized.o update.fppized.o material.fppized.o mur.fppized.o PlaneSource.fppized.o PEC.fppized.o init.fppized.o leapfrog.fppized.o timerRoutine.o UPML.fppized.o yeemain.fppized.o writeout.fppized.o MPI_dummy.fppized.o                      -o fotonik3d_r  
%% End of fake output from make (specmake -n --output-sync --jobs=8 build)

specmake -n --output-sync --jobs=8 options
%% Fake commands from options (specmake -n --output-sync --jobs=8 optio...):
cat "options.tmpout"
FPP: "specpp -DSPEC -DNDEBUG -DSPEC_AUTO_SUPPRESS_OPENMP -DSPEC_LP64 <source> -o <source>.fppized.f9x"
P: CPUFLAGS="-DSPEC -DNDEBUG"
P: BENCH_FLAGS="-DSPEC_AUTO_SUPPRESS_OPENMP"
O: OPTIMIZE=""
O: EXTRA_OPTIMIZE=""
O: FPPOPTIMIZE=""
O: EXTRA_FPPOPTIMIZE=""
O: FOPTIMIZE=""
O: EXTRA_FOPTIMIZE=""
P: PORTABILITY=""
P: EXTRA_PORTABILITY="-DSPEC_LP64"
P: FPORTABILITY=""
P: EXTRA_FPORTABILITY=""
COMP: "/opt/rh/devtoolset-9/root/usr/bin/gfortran           -m64 -c -o options.o -I. -g -O3 -march=native <source>"
C: FC="/opt/rh/devtoolset-9/root/usr/bin/gfortran           -m64"
C: FOBJOPT="-c -o options"
P: CPUFLAGS="-DSPEC -DNDEBUG"
P: BENCH_FLAGS="-I. -DSPEC_AUTO_SUPPRESS_OPENMP"
P: BENCH_FFLAGS=""
O: OPTIMIZE="-g -O3 -march=native"
O: FOPTIMIZE=""
P: PORTABILITY=""
P: FPORTABILITY=""
O: EXTRA_FFLAGS=""
O: EXTRA_OPTIMIZE=""
O: EXTRA_FOPTIMIZE=""
P: EXTRA_PORTABILITY="-DSPEC_LP64"
P: EXTRA_FPORTABILITY=""
LINK: "/opt/rh/devtoolset-9/root/usr/bin/gfortran           -m64      -g -O3 -march=native          <objects>            -o options  "
C: LD="/opt/rh/devtoolset-9/root/usr/bin/gfortran           -m64"
O: OPTIMIZE="-g -O3 -march=native"
C: LDOUT="-o options"
rm -rf options.tmpout
%% End of fake output from options (specmake -n --output-sync --jobs=8 optio...)

specmake -n --output-sync --jobs=8 compiler-version
%% Fake commands from compiler-version (specmake -n --output-sync --jobs=8 compi...):
/opt/rh/devtoolset-9/root/usr/bin/gfortran           -m64 -I. -g -O3 -march=native --version >>compiler-version.tmpout 2>&1
cat "compiler-version.tmpout"
 FC_VERSION_OPTION:
rm -rf compiler-version.tmpout
%% End of fake output from compiler-version (specmake -n --output-sync --jobs=8 compi...)

%% End of fake output from options (specmake -f /usr/cpu2017/benchspec/Makef...)

%% End of fake output from compiler-version (specmake -f /usr/cpu2017/benchspec/Makef...)




Build successes for fprate: 549.fotonik3d_r(base)
Build errors for fprate: None

Setting Up Run Directories
  Setting up 549.fotonik3d_r test base mytest-m64 (1 copy): run_base_test_mytest-m64.0000
Running Benchmarks
  Running 549.fotonik3d_r test base mytest-m64 (1 copy) [2025-05-03 17:44:10]
Benchmark invocation
--------------------
/usr/cpu2017/bin/specinvoke -d /usr/cpu2017/benchspec/CPU/549.fotonik3d_r/run/run_base_test_mytest-m64.0000 -f speccmds.cmd -q -e speccmds.err -o speccmds.stdout -nn
%% Fake commands from benchmark_run (/usr/cpu2017/bin/specinvoke -d /usr/cpu2...):
# specinvoke r4356
#  Invoked as: /usr/cpu2017/bin/specinvoke -d /usr/cpu2017/benchspec/CPU/549.fotonik3d_r/run/run_base_test_mytest-m64.0000 -f speccmds.cmd -q -e speccmds.err -o speccmds.stdout -nn
# timer ticks over every 1000 ns
# Environment in effect for these runs:
CGO_CFLAGS='-g -O2 -Wno-return-local-addr'
CONDA_DEFAULT_ENV=base
CONDA_EXE=/root/miniconda3/bin/conda
CONDA_PREFIX=/root/miniconda3
CONDA_PROMPT_MODIFIER='(base) '
CONDA_PYTHON_EXE=/root/miniconda3/bin/python
CONDA_SHLVL=1
DBUS_SESSION_BUS_ADDRESS='unix:path=/run/user/0/bus'
HOME=/root
LANG=en_US.UTF-8
LC_ALL=C
LC_LANG=C
LD_LIBRARY_PATH=/opt/rh/devtoolset-9/root/usr/lib64/:/opt/rh/devtoolset-9/root/usr/lib/:/lib64
LIBC_FATAL_STDERR_=1
LOGNAME=root
MOTD_SHOWN=pam
OLDPWD=/usr/cpu2017
OMP_NUM_THREADS=1
OMP_THREAD_LIMIT=1
PATH=/usr/cpu2017/bin:/usr/local:/root/miniconda3/bin:/root/miniconda3/condabin:/usr/local/go/bin:/usr/local/sbin:/usr/local/bin:/usr/sbin:/usr/bin:/sbin:/bin
SHELL=/bin/bash
SPEC=/usr/cpu2017
SPECDB_PWD=/usr/cpu2017/config
SPECPERLLIB=/usr/cpu2017/bin/lib:/usr/cpu2017/bin
SSH_CLIENT='10.1.10.2 57202 22'
SSH_CONNECTION='10.1.10.2 57202 10.1.10.163 22'
SSH_TTY=/dev/pts/1
TERM=xterm-256color
USER=root
XDG_RUNTIME_DIR=/run/user/0
XDG_SESSION_CLASS=user
XDG_SESSION_ID=1423
XDG_SESSION_TYPE=tty
_CE_CONDA=''
_CE_M=''
export CGO_CFLAGS CONDA_DEFAULT_ENV CONDA_EXE CONDA_PREFIX CONDA_PROMPT_MODIFIER
export CONDA_PYTHON_EXE CONDA_SHLVL DBUS_SESSION_BUS_ADDRESS HOME LANG LC_ALL
export LC_LANG LD_LIBRARY_PATH LIBC_FATAL_STDERR_ LOGNAME MOTD_SHOWN OLDPWD
export OMP_NUM_THREADS OMP_THREAD_LIMIT PATH SHELL SPEC SPECDB_PWD SPECPERLLIB
export SSH_CLIENT SSH_CONNECTION SSH_TTY TERM USER XDG_RUNTIME_DIR
export XDG_SESSION_CLASS XDG_SESSION_ID XDG_SESSION_TYPE _CE_CONDA _CE_M
unset _
unset PWD
unset SHLVL
# Starting run for copy #0
cd /usr/cpu2017/benchspec/CPU/549.fotonik3d_r/run/run_base_test_mytest-m64.0000
../run_base_test_mytest-m64.0000/fotonik3d_r_base.mytest-m64 > fotonik3d_r.log 2>> fotonik3d_r.err
specinvoke exit: rc=0
%% End of fake output from benchmark_run (/usr/cpu2017/bin/specinvoke -d /usr/cpu2...)

Benchmark verification
----------------------
/usr/cpu2017/bin/specinvoke -d /usr/cpu2017/benchspec/CPU/549.fotonik3d_r/run/run_base_test_mytest-m64.0000 -f compare.cmd -E -e compare.err -o compare.stdout -nn
%% Fake commands from compare_run (/usr/cpu2017/bin/specinvoke -d /usr/cpu2...):
# specinvoke r4356
#  Invoked as: /usr/cpu2017/bin/specinvoke -d /usr/cpu2017/benchspec/CPU/549.fotonik3d_r/run/run_base_test_mytest-m64.0000 -f compare.cmd -E -e compare.err -o compare.stdout -nn
# timer ticks over every 1000 ns
# Environment in effect for these runs:
CGO_CFLAGS='-g -O2 -Wno-return-local-addr'
CONDA_DEFAULT_ENV=base
CONDA_EXE=/root/miniconda3/bin/conda
CONDA_PREFIX=/root/miniconda3
CONDA_PROMPT_MODIFIER='(base) '
CONDA_PYTHON_EXE=/root/miniconda3/bin/python
CONDA_SHLVL=1
DBUS_SESSION_BUS_ADDRESS='unix:path=/run/user/0/bus'
HOME=/root
LANG=en_US.UTF-8
LC_ALL=C
LC_LANG=C
LD_LIBRARY_PATH=/opt/rh/devtoolset-9/root/usr/lib64/:/opt/rh/devtoolset-9/root/usr/lib/:/lib64
LIBC_FATAL_STDERR_=1
LOGNAME=root
MOTD_SHOWN=pam
OLDPWD=/usr/cpu2017
OMP_NUM_THREADS=1
OMP_THREAD_LIMIT=1
PATH=/usr/cpu2017/bin:/usr/local:/root/miniconda3/bin:/root/miniconda3/condabin:/usr/local/go/bin:/usr/local/sbin:/usr/local/bin:/usr/sbin:/usr/bin:/sbin:/bin
SHELL=/bin/bash
SPEC=/usr/cpu2017
SPECDB_PWD=/usr/cpu2017/config
SPECPERLLIB=/usr/cpu2017/bin/lib:/usr/cpu2017/bin
SSH_CLIENT='10.1.10.2 57202 22'
SSH_CONNECTION='10.1.10.2 57202 10.1.10.163 22'
SSH_TTY=/dev/pts/1
TERM=xterm-256color
USER=root
XDG_RUNTIME_DIR=/run/user/0
XDG_SESSION_CLASS=user
XDG_SESSION_ID=1423
XDG_SESSION_TYPE=tty
_CE_CONDA=''
_CE_M=''
export CGO_CFLAGS CONDA_DEFAULT_ENV CONDA_EXE CONDA_PREFIX CONDA_PROMPT_MODIFIER
export CONDA_PYTHON_EXE CONDA_SHLVL DBUS_SESSION_BUS_ADDRESS HOME LANG LC_ALL
export LC_LANG LD_LIBRARY_PATH LIBC_FATAL_STDERR_ LOGNAME MOTD_SHOWN OLDPWD
export OMP_NUM_THREADS OMP_THREAD_LIMIT PATH SHELL SPEC SPECDB_PWD SPECPERLLIB
export SSH_CLIENT SSH_CONNECTION SSH_TTY TERM USER XDG_RUNTIME_DIR
export XDG_SESSION_CLASS XDG_SESSION_ID XDG_SESSION_TYPE _CE_CONDA _CE_M
unset PWD
unset _
unset SHLVL
# Starting run for copy #0
cd /usr/cpu2017/benchspec/CPU/549.fotonik3d_r/run/run_base_test_mytest-m64.0000
/usr/cpu2017/bin/specperl /usr/cpu2017/bin/harness/specdiff -m -l 10 --abstol 1e-27 --reltol 1e-10 --obiwan --floatcompare /usr/cpu2017/benchspec/CPU/549.fotonik3d_r/data/test/output/pscyee.out pscyee.out > pscyee.out.cmp
specinvoke exit: rc=0
%% End of fake output from compare_run (/usr/cpu2017/bin/specinvoke -d /usr/cpu2...)



Success: 1x549.fotonik3d_r
The log for this run is in /usr/cpu2017/result/CPU2017.023.log

runcpu finished at 2025-05-03 17:44:11; 7 total seconds elapsed
/usr/cpu2017/benchspec/CPU/549.fotonik3d_r/build
rm -rf *.o  pscyee.out
find . \( -name \*.o -o -name '*.fppized.f*' -o -name '*.i' -o -name '*.mod' \) -print | xargs rm -rf
rm -rf fotonik3d_r
rm -rf fotonik3d_r.exe
rm -rf core
rm -rf options.err compiler-version.err make.out compiler-version.out options.out
/usr/bin/gfortran           -m64 -c -o parameter.o -I. -g -O3 -march=native parameter.f90
/usr/cpu2017/bin/specperl /usr/cpu2017/bin/harness/specpp -DSPEC -DNDEBUG -DSPEC_AUTO_SUPPRESS_OPENMP -DSPEC_LP64 globalvar.F90 -o globalvar.fppized.f90
/usr/bin/gfortran           -m64 -c -o globalvar.fppized.o -I. -g -O3 -march=native globalvar.fppized.f90
/usr/bin/gfortran           -m64 -c -o readline.o -I. -g -O3 -march=native readline.f90
/usr/cpu2017/bin/specperl /usr/cpu2017/bin/harness/specpp -DSPEC -DNDEBUG -DSPEC_AUTO_SUPPRESS_OPENMP -DSPEC_LP64 power.F90 -o power.fppized.f90
/usr/bin/gfortran           -m64 -c -o power.fppized.o -I. -g -O3 -march=native power.fppized.f90
/usr/cpu2017/bin/specperl /usr/cpu2017/bin/harness/specpp -DSPEC -DNDEBUG -DSPEC_AUTO_SUPPRESS_OPENMP -DSPEC_LP64 calcflops.F90 -o calcflops.fppized.f90
/usr/cpu2017/bin/specperl /usr/cpu2017/bin/harness/specpp -DSPEC -DNDEBUG -DSPEC_AUTO_SUPPRESS_OPENMP -DSPEC_LP64 PlaneSource.F90 -o PlaneSource.fppized.f90
/usr/bin/gfortran           -m64 -c -o PlaneSource.fppized.o -I. -g -O3 -march=native PlaneSource.fppized.f90
/usr/bin/gfortran           -m64 -c -o calcflops.fppized.o -I. -g -O3 -march=native calcflops.fppized.f90
/usr/cpu2017/bin/specperl /usr/cpu2017/bin/harness/specpp -DSPEC -DNDEBUG -DSPEC_AUTO_SUPPRESS_OPENMP -DSPEC_LP64 communicate.F90 -o communicate.fppized.f90
/usr/bin/gfortran           -m64 -c -o communicate.fppized.o -I. -g -O3 -march=native communicate.fppized.f90
/usr/cpu2017/bin/specperl /usr/cpu2017/bin/harness/specpp -DSPEC -DNDEBUG -DSPEC_AUTO_SUPPRESS_OPENMP -DSPEC_LP64 huygens.F90 -o huygens.fppized.f90
/usr/bin/gfortran           -m64 -c -o huygens.fppized.o -I. -g -O3 -march=native huygens.fppized.f90
/usr/cpu2017/bin/specperl /usr/cpu2017/bin/harness/specpp -DSPEC -DNDEBUG -DSPEC_AUTO_SUPPRESS_OPENMP -DSPEC_LP64 update.F90 -o update.fppized.f90
/usr/bin/gfortran           -m64 -c -o update.fppized.o -I. -g -O3 -march=native update.fppized.f90
/usr/cpu2017/bin/specperl /usr/cpu2017/bin/harness/specpp -DSPEC -DNDEBUG -DSPEC_AUTO_SUPPRESS_OPENMP -DSPEC_LP64 material.F90 -o material.fppized.f90
/usr/bin/gfortran           -m64 -c -o material.fppized.o -I. -g -O3 -march=native material.fppized.f90
/usr/cpu2017/bin/specperl /usr/cpu2017/bin/harness/specpp -DSPEC -DNDEBUG -DSPEC_AUTO_SUPPRESS_OPENMP -DSPEC_LP64 mur.F90 -o mur.fppized.f90
/usr/bin/gfortran           -m64 -c -o mur.fppized.o -I. -g -O3 -march=native mur.fppized.f90
/usr/cpu2017/bin/specperl /usr/cpu2017/bin/harness/specpp -DSPEC -DNDEBUG -DSPEC_AUTO_SUPPRESS_OPENMP -DSPEC_LP64 PEC.F90 -o PEC.fppized.f90
/usr/bin/gfortran           -m64 -c -o PEC.fppized.o -I. -g -O3 -march=native PEC.fppized.f90
/usr/cpu2017/bin/specperl /usr/cpu2017/bin/harness/specpp -DSPEC -DNDEBUG -DSPEC_AUTO_SUPPRESS_OPENMP -DSPEC_LP64 init.F90 -o init.fppized.f90
/usr/cpu2017/bin/specperl /usr/cpu2017/bin/harness/specpp -DSPEC -DNDEBUG -DSPEC_AUTO_SUPPRESS_OPENMP -DSPEC_LP64 UPML.F90 -o UPML.fppized.f90
/usr/bin/gfortran           -m64 -c -o UPML.fppized.o -I. -g -O3 -march=native UPML.fppized.f90
/usr/bin/gfortran           -m64 -c -o init.fppized.o -I. -g -O3 -march=native init.fppized.f90
/usr/cpu2017/bin/specperl /usr/cpu2017/bin/harness/specpp -DSPEC -DNDEBUG -DSPEC_AUTO_SUPPRESS_OPENMP -DSPEC_LP64 leapfrog.F90 -o leapfrog.fppized.f90
/usr/bin/gfortran           -m64 -c -o leapfrog.fppized.o -I. -g -O3 -march=native leapfrog.fppized.f90
/usr/bin/gfortran           -m64 -c -o timerRoutine.o -I. -g -O3 -march=native timerRoutine.f90
/usr/cpu2017/bin/specperl /usr/cpu2017/bin/harness/specpp -DSPEC -DNDEBUG -DSPEC_AUTO_SUPPRESS_OPENMP -DSPEC_LP64 yeemain.F90 -o yeemain.fppized.f90
/usr/bin/gfortran           -m64 -c -o yeemain.fppized.o -I. -g -O3 -march=native yeemain.fppized.f90
/usr/cpu2017/bin/specperl /usr/cpu2017/bin/harness/specpp -DSPEC -DNDEBUG -DSPEC_AUTO_SUPPRESS_OPENMP -DSPEC_LP64 writeout.F90 -o writeout.fppized.f90
/usr/bin/gfortran           -m64 -c -o writeout.fppized.o -I. -g -O3 -march=native writeout.fppized.f90
/usr/cpu2017/bin/specperl /usr/cpu2017/bin/harness/specpp -DSPEC -DNDEBUG -DSPEC_AUTO_SUPPRESS_OPENMP -DSPEC_LP64 MPI_dummy.F90 -o MPI_dummy.fppized.f90
/usr/bin/gfortran           -m64 -c -o MPI_dummy.fppized.o -I. -g -O3 -march=native MPI_dummy.fppized.f90
/usr/bin/gfortran           -m64      -g -O3 -march=native          parameter.o globalvar.fppized.o readline.o power.fppized.o calcflops.fppized.o communicate.fppized.o huygens.fppized.o update.fppized.o material.fppized.o mur.fppized.o PlaneSource.fppized.o PEC.fppized.o init.fppized.o leapfrog.fppized.o timerRoutine.o UPML.fppized.o yeemain.fppized.o writeout.fppized.o MPI_dummy.fppized.o                      -o fotonik3d_r  
/usr/cpu2017/result
Setting up environment for running 644.nab_s...
  Setting up 644.nab_s test base mytest-m64: run_base_test_mytest-m64.0000
/usr/cpu2017/benchspec/CPU/549.fotonik3d_r/run
/usr/cpu2017/benchspec/CPU/549.fotonik3d_r/run/run_base_test_mytest-m64.0000
Testing fotonik3d avoiding runspec...
At line 187 of file material.fppized.f90 (unit = 9, file = 'fort.9')
Fortran runtime error: End of file

Error termination. Backtrace:
