0x4A51040 32
0x4A510A0 32
0x4A51100 32
0x4A51160 32
0x4A511C0 32
0x4A51220 32
0x4A51280 32
0x4A512E0 32
0x4A51340 32
0x4A513A0 32
0x4A51400 32
0x4A51460 32
0x4A514C0 32
0x4A51520 32
0x4A51580 14
0x4A515D0 18
0x4A51630 120
0x4A516F0 16
0x4A51740 160
0x4A51820 16
0x4A51870 32
0x4A51820 32
0x4A51880 32
0x4A518E0 13
0x4A51930 120
0x4A519F0 16
0x4A51A40 16
0x4A51A90 31
0x4A51A40 32
0x4A51AA0 32
0x4A51B00 22
0x4A51B60 120
0x4A51C20 512
0x4A51E60 512
0x4A520A0 120
0x4A52160 16
0x4A521B0 4097
0x4A53200 512
0x4A53440 25
0x4A534A0 32
0x4A53500 28
0x4A53560 28
0x4A53560 16
0x4A535B0 512
0x4A537F0 8192
0x4A535C0 16
0x4A53610 512
0x4A53850 48
0x4A535C0 512
0x4A53800 16
0x4A53850 4097
0x4A548A0 16
0x4A548F0 32
0x4A54950 32
0x4A549B0 6
0x4A54A00 512
0x4A54C40 13
0x4A54C90 32
0x4A54CF0 16
0x4A54D40 4097
0x4A55D90 16
0x4A55DE0 32
0x4A55E40 13
0x4A55E90 11
0x4A55EE0 16
0x4A55F30 4097
0x4A56F80 15
0x4A56FD0 16
0x4A57020 4097
0x4A58070 15
0x4A580C0 16
0x4A58110 4097
0x4A59160 512
0x4A593A0 512
0x4A595E0 16
0x4A59630 4097
0x4A5A680 16
0x4A5A6D0 4097
0x4A5B720 16
0x4A5B770 32
0x4A5B7D0 32
0x4A5B830 13
0x4A5B880 512
0x4A5BAC0 32
0x4A5BB20 29
0x4A5BB20 16
0x4A5BB70 512
0x4A5BDB0 8192
0x4A5BB80 16
0x4A5BBD0 48
0x4A5BC40 512
0x4A5BB80 120
0x4A5BC40 512
0x4A5BE80 16
0x4A5BED0 4097
0x4A5CF20 16
0x4A5CF70 512
0x4A5D1B0 28
